Build started 5/14/2014 8:23:30 AM.
     1>Project "F:\devrepo\innoaus\WpdPack-4.1.2\Downloads\WpcapSrc_4_1_3\winpcap\wpcap\PRJ\wpcap.vcxproj" on node 2 (Rebuild target(s)).
     1>ClCompile:
         C:\Program Files (x86)\Microsoft Visual Studio 12.0\VC\bin\x86_amd64\CL.exe /c /I..\libpcap /I..\libpcap\lbl /I..\libpcap\bpf\ /I..\..\common /I..\libpcap\win32\include /I"..\Win32-Extensions" /Zi /nologo /W3 /WX- /O2 /GL /D LIBPCAP_EXPORTS /D WIN32 /D NDEBUG /D _WINDOWS /D HAVE_ADDRINFO /D YY_NEVER_INTERACTIVE /D yylval=pcap_lval /D HAVE_STRERROR /D __STDC__ /D INET6 /D SIZEOF_CHAR=1 /D SIZEOF_SHORT=2 /D SIZEOF_INT=4 /D WPCAP /D HAVE_SNPRINTF /D HAVE_VSNPRINTF /D HAVE_REMOTE /D _U_= /D _CRT_SECURE_NO_WARNINGS /D YY_NO_UNISTD_H /D HAVE_TC_API /D _WINDLL /D _MBCS /Gm- /EHsc /MT /GS /fp:precise /Zc:wchar_t /Zc:forScope /Fo"F:\devrepo\innoaus\WpdPack-4.1.2\Downloads\WpcapSrc_4_1_3\winpcap\wpcap\PRJ\\Release No AirPcap\x64\\" /Fd"F:\devrepo\innoaus\WpdPack-4.1.2\Downloads\WpcapSrc_4_1_3\winpcap\wpcap\PRJ\\Release No AirPcap\x64\vc120.pdb" /Gd /TC /errorReport:prompt ..\libpcap\bpf_dump.c ..\libpcap\bpf\net\bpf_filter.c ..\libpcap\bpf_image.c ..\libpcap\etherent.c "..\libpcap\fad-win32.c" ..\libpcap\Win32\Src\ffs.c ..\libpcap\gencode.c ..\libpcap\Win32\Src\getservent.c ..\libpcap\grammar.c ..\libpcap\inet.c ..\libpcap\nametoaddr.c ..\libpcap\optimize.c "..\libpcap\pcap-new.c" "..\libpcap\pcap-remote.c" "..\libpcap\pcap-tc.c" "..\libpcap\pcap-win32.c" ..\libpcap\pcap.c ..\libpcap\savefile.c ..\libpcap\scanner.c ..\libpcap\sockutils.c "..\Win32-Extensions\Win32-Extensions.c"
         bpf_dump.c
         bpf_filter.c
     1>..\libpcap\bpf\net\bpf_filter.c(283): warning C4018: '>=' : signed/unsigned mismatch
     1>..\libpcap\bpf\net\bpf_filter.c(342): warning C4018: '>=' : signed/unsigned mismatch
     1>..\libpcap\bpf\net\bpf_filter.c(359): warning C4018: '>=' : signed/unsigned mismatch
     1>..\libpcap\bpf\net\bpf_filter.c(501): warning C4146: unary minus operator applied to unsigned type, result still unsigned
     1>..\libpcap\bpf\net\bpf_filter.c(544): warning C4018: '<' : signed/unsigned mismatch
     1>..\libpcap\bpf\net\bpf_filter.c(642): warning C4018: '>=' : signed/unsigned mismatch
     1>..\libpcap\bpf\net\bpf_filter.c(650): warning C4018: '>=' : signed/unsigned mismatch
         bpf_image.c
     1>..\libpcap\bpf_image.c(280): warning C4013: 'snprintf' undefined; assuming extern returning int
         etherent.c
         fad-win32.c
     1>..\libpcap\fad-win32.c(65): warning C4013: 'snprintf' undefined; assuming extern returning int
         ffs.c
         gencode.c
     1>..\libpcap\gencode.c(289): warning C4267: '=' : conversion from 'size_t' to 'u_int', possible loss of data
     1>..\libpcap\gencode.c(317): warning C4267: 'initializing' : conversion from 'size_t' to 'int', possible loss of data
     1>..\libpcap\gencode.c(409): warning C4013: 'snprintf' undefined; assuming extern returning int
     1>..\libpcap\gencode.c(432): warning C4267: '=' : conversion from 'size_t' to 'int', possible loss of data
         getservent.c
         grammar.c
         inet.c
     1>..\libpcap\inet.c(216): warning C4013: 'snprintf' undefined; assuming extern returning int
     1>..\libpcap\inet.c(225): warning C4013: 'strdup' undefined; assuming extern returning int
     1>..\libpcap\inet.c(225): warning C4047: '=' : 'char *' differs in levels of indirection from 'int'
     1>..\libpcap\inet.c(236): warning C4047: '=' : 'char *' differs in levels of indirection from 'int'
     1>..\libpcap\inet.c(743): warning C4996: 'GetVersion': was declared deprecated
                 C:\Program Files (x86)\Windows Kits\8.1\Include\um\sysinfoapi.h(110) : see declaration of 'GetVersion'
         nametoaddr.c
     1>..\libpcap\nametoaddr.c(232): warning C4013: 'strdup' undefined; assuming extern returning int
     1>..\libpcap\nametoaddr.c(232): warning C4047: '=' : 'char *' differs in levels of indirection from 'int'
         optimize.c
     1>..\libpcap\optimize.c(672): warning C4146: unary minus operator applied to unsigned type, result still unsigned
     1>..\libpcap\optimize.c(937): warning C4018: '>' : signed/unsigned mismatch
     1>..\libpcap\optimize.c(941): warning C4018: '>=' : signed/unsigned mismatch
     1>..\libpcap\optimize.c(2100): warning C4244: '=' : conversion from '__int64' to 'int', possible loss of data
     1>..\libpcap\optimize.c(2111): warning C4018: '<' : signed/unsigned mismatch
     1>..\libpcap\optimize.c(2298): warning C4013: 'snprintf' undefined; assuming extern returning int
         pcap-new.c
     1>..\libpcap\pcap-new.c(102): warning C4013: 'snprintf' undefined; assuming extern returning int
     1>..\libpcap\pcap-new.c(1027): warning C4244: '=' : conversion from 'SOCKET' to 'unsigned int', possible loss of data
         pcap-remote.c
     1>..\libpcap\pcap-remote.c(144): warning C4013: 'snprintf' undefined; assuming extern returning int
     1>..\libpcap\pcap-remote.c(756): warning C4267: 'function' : conversion from 'size_t' to 'uint32', possible loss of data
     1>..\libpcap\pcap-remote.c(758): warning C4267: 'function' : conversion from 'size_t' to 'int', possible loss of data
     1>..\libpcap\pcap-remote.c(1105): warning C4244: '=' : conversion from 'SOCKET' to 'unsigned int', possible loss of data
     1>..\libpcap\pcap-remote.c(1722): warning C4267: '+=' : conversion from 'size_t' to 'uint16', possible loss of data
     1>..\libpcap\pcap-remote.c(1723): warning C4267: '+=' : conversion from 'size_t' to 'uint16', possible loss of data
     1>..\libpcap\pcap-remote.c(1758): warning C4267: '=' : conversion from 'size_t' to 'uint16', possible loss of data
     1>..\libpcap\pcap-remote.c(1767): warning C4267: '=' : conversion from 'size_t' to 'uint16', possible loss of data
         pcap-tc.c
     1>..\libpcap\pcap-tc.c(602): warning C4013: 'snprintf' undefined; assuming extern returning int
         pcap-win32.c
     1>..\libpcap\pcap-win32.c(125): warning C4013: 'snprintf' undefined; assuming extern returning int
     1>..\libpcap\pcap-win32.c(240): warning C4244: '=' : conversion from '__int64' to 'int', possible loss of data
     1>..\libpcap\pcap-win32.c(293): warning C4244: '=' : conversion from '__int64' to 'int', possible loss of data
     1>..\libpcap\pcap-win32.c(476): warning C4267: 'function' : conversion from 'size_t' to 'UINT', possible loss of data
     1>..\libpcap\pcap-win32.c(490): warning C4267: 'return' : conversion from 'size_t' to 'int', possible loss of data
         pcap.c
     1>..\libpcap\pcap.c(110): warning C4013: 'snprintf' undefined; assuming extern returning int
     1>..\libpcap\pcap.c(119): warning C4013: 'strdup' undefined; assuming extern returning int
     1>..\libpcap\pcap.c(119): warning C4047: '=' : 'char *' differs in levels of indirection from 'int'
     1>..\libpcap\pcap.c(958): warning C4267: '=' : conversion from 'size_t' to 'int', possible loss of data
         savefile.c
     1>..\libpcap\savefile.c(1060): warning C4013: 'snprintf' undefined; assuming extern returning int
         scanner.c
     1><stdout>(3014): warning C4267: '=' : conversion from 'size_t' to 'int', possible loss of data
     1><stdout>(3972): warning C4267: 'initializing' : conversion from 'size_t' to 'int', possible loss of data
     1><stdout>(3985): warning C4267: 'initializing' : conversion from 'size_t' to 'int', possible loss of data
     1><stdout>(4007): warning C4267: '=' : conversion from 'size_t' to 'int', possible loss of data
     1><stdout>(4016): warning C4267: '=' : conversion from 'size_t' to 'int', possible loss of data
     1><stdout>(4138): warning C4267: '=' : conversion from 'size_t' to 'int', possible loss of data
     1><stdout>(4175): warning C4244: 'initializing' : conversion from '__int64' to 'int', possible loss of data
     1><stdout>(4362): warning C4013: 'fileno' undefined; assuming extern returning int
     1><stdout>(4478): warning C4267: '=' : conversion from 'size_t' to 'int', possible loss of data
     1><stdout>(4516): warning C4267: '=' : conversion from 'size_t' to 'int', possible loss of data
     1><stdout>(4538): warning C4267: 'function' : conversion from 'size_t' to 'int', possible loss of data
         sockutils.c
     1>..\libpcap\sockutils.c(308): warning C4244: '=' : conversion from 'SOCKET' to 'unsigned int', possible loss of data
     1>..\libpcap\sockutils.c(342): warning C4267: 'function' : conversion from 'size_t' to 'int', possible loss of data
     1>..\libpcap\sockutils.c(376): warning C4267: 'function' : conversion from 'size_t' to 'int', possible loss of data
         Compiling...
         Win32-Extensions.c
     1>..\Win32-Extensions\Win32-Extensions.c(88): warning C4013: 'snprintf' undefined; assuming extern returning int
     1>..\Win32-Extensions\Win32-Extensions.c(171): warning C4267: '=' : conversion from 'size_t' to 'int', possible loss of data
     1>..\Win32-Extensions\Win32-Extensions.c(343): warning C4267: 'function' : conversion from 'size_t' to 'int', possible loss of data
       ResourceCompile:
         C:\Program Files (x86)\Windows Kits\8.1\bin\x86\rc.exe /l"0x0409" /nologo /fo"F:\devrepo\innoaus\WpdPack-4.1.2\Downloads\WpcapSrc_4_1_3\winpcap\wpcap\PRJ\\Release No AirPcap\x64\version.res" ..\Win32-Extensions\version.rc 
       Link:
         C:\Program Files (x86)\Microsoft Visual Studio 12.0\VC\bin\x86_amd64\link.exe /ERRORREPORT:PROMPT /OUT:"F:\devrepo\innoaus\WpdPack-4.1.2\Downloads\WpcapSrc_4_1_3\winpcap\wpcap\PRJ\\Release No AirPcap\x64\wpcap.dll" /INCREMENTAL:NO /NOLOGO /LIBPATH:..\..\packetNtx\Dll\Project\Release\x64 ws2_32.lib packet.lib kernel32.lib user32.lib gdi32.lib winspool.lib comdlg32.lib advapi32.lib shell32.lib ole32.lib oleaut32.lib uuid.lib odbc32.lib odbccp32.lib /DEF:"wpcap.def" /MANIFEST /MANIFESTUAC:"level='asInvoker' uiAccess='false'" /manifest:embed /DEBUG /PDB:"F:\devrepo\innoaus\WpdPack-4.1.2\Downloads\WpcapSrc_4_1_3\winpcap\wpcap\PRJ\\Release No AirPcap\x64\wpcap.pdb" /SUBSYSTEM:WINDOWS /OPT:REF /OPT:ICF /LTCG /TLBID:1 /DYNAMICBASE /NXCOMPAT /IMPLIB:"F:\devrepo\innoaus\WpdPack-4.1.2\Downloads\WpcapSrc_4_1_3\winpcap\wpcap\PRJ\\Release No AirPcap\x64\wpcap.lib" /MACHINE:X64 /DLL "F:\devrepo\innoaus\WpdPack-4.1.2\Downloads\WpcapSrc_4_1_3\winpcap\wpcap\PRJ\\Release No AirPcap\x64\version.res"
         "F:\devrepo\innoaus\WpdPack-4.1.2\Downloads\WpcapSrc_4_1_3\winpcap\wpcap\PRJ\\Release No AirPcap\x64\bpf_dump.obj"
         "F:\devrepo\innoaus\WpdPack-4.1.2\Downloads\WpcapSrc_4_1_3\winpcap\wpcap\PRJ\\Release No AirPcap\x64\bpf_filter.obj"
         "F:\devrepo\innoaus\WpdPack-4.1.2\Downloads\WpcapSrc_4_1_3\winpcap\wpcap\PRJ\\Release No AirPcap\x64\bpf_image.obj"
         "F:\devrepo\innoaus\WpdPack-4.1.2\Downloads\WpcapSrc_4_1_3\winpcap\wpcap\PRJ\\Release No AirPcap\x64\etherent.obj"
         "F:\devrepo\innoaus\WpdPack-4.1.2\Downloads\WpcapSrc_4_1_3\winpcap\wpcap\PRJ\\Release No AirPcap\x64\fad-win32.obj"
         "F:\devrepo\innoaus\WpdPack-4.1.2\Downloads\WpcapSrc_4_1_3\winpcap\wpcap\PRJ\\Release No AirPcap\x64\ffs.obj"
         "F:\devrepo\innoaus\WpdPack-4.1.2\Downloads\WpcapSrc_4_1_3\winpcap\wpcap\PRJ\\Release No AirPcap\x64\gencode.obj"
         "F:\devrepo\innoaus\WpdPack-4.1.2\Downloads\WpcapSrc_4_1_3\winpcap\wpcap\PRJ\\Release No AirPcap\x64\getservent.obj"
         "F:\devrepo\innoaus\WpdPack-4.1.2\Downloads\WpcapSrc_4_1_3\winpcap\wpcap\PRJ\\Release No AirPcap\x64\grammar.obj"
         "F:\devrepo\innoaus\WpdPack-4.1.2\Downloads\WpcapSrc_4_1_3\winpcap\wpcap\PRJ\\Release No AirPcap\x64\inet.obj"
         "F:\devrepo\innoaus\WpdPack-4.1.2\Downloads\WpcapSrc_4_1_3\winpcap\wpcap\PRJ\\Release No AirPcap\x64\nametoaddr.obj"
         "F:\devrepo\innoaus\WpdPack-4.1.2\Downloads\WpcapSrc_4_1_3\winpcap\wpcap\PRJ\\Release No AirPcap\x64\optimize.obj"
         "F:\devrepo\innoaus\WpdPack-4.1.2\Downloads\WpcapSrc_4_1_3\winpcap\wpcap\PRJ\\Release No AirPcap\x64\pcap-new.obj"
         "F:\devrepo\innoaus\WpdPack-4.1.2\Downloads\WpcapSrc_4_1_3\winpcap\wpcap\PRJ\\Release No AirPcap\x64\pcap-remote.obj"
         "F:\devrepo\innoaus\WpdPack-4.1.2\Downloads\WpcapSrc_4_1_3\winpcap\wpcap\PRJ\\Release No AirPcap\x64\pcap-tc.obj"
         "F:\devrepo\innoaus\WpdPack-4.1.2\Downloads\WpcapSrc_4_1_3\winpcap\wpcap\PRJ\\Release No AirPcap\x64\pcap-win32.obj"
         "F:\devrepo\innoaus\WpdPack-4.1.2\Downloads\WpcapSrc_4_1_3\winpcap\wpcap\PRJ\\Release No AirPcap\x64\pcap.obj"
         "F:\devrepo\innoaus\WpdPack-4.1.2\Downloads\WpcapSrc_4_1_3\winpcap\wpcap\PRJ\\Release No AirPcap\x64\savefile.obj"
         "F:\devrepo\innoaus\WpdPack-4.1.2\Downloads\WpcapSrc_4_1_3\winpcap\wpcap\PRJ\\Release No AirPcap\x64\scanner.obj"
         "F:\devrepo\innoaus\WpdPack-4.1.2\Downloads\WpcapSrc_4_1_3\winpcap\wpcap\PRJ\\Release No AirPcap\x64\sockutils.obj"
         "F:\devrepo\innoaus\WpdPack-4.1.2\Downloads\WpcapSrc_4_1_3\winpcap\wpcap\PRJ\\Release No AirPcap\x64\Win32-Extensions.obj"
     1>LINK : fatal error LNK1181: cannot open input file 'packet.lib'
     1>Done Building Project "F:\devrepo\innoaus\WpdPack-4.1.2\Downloads\WpcapSrc_4_1_3\winpcap\wpcap\PRJ\wpcap.vcxproj" (Rebuild target(s)) -- FAILED.

Build FAILED.

Time Elapsed 00:00:06.58
