f:\devrepo\innoaus\wpdpack-4.1.2\downloads\wpcapsrc_4_1_3\winpcap\wpcap\prj\debug\x86\vc120.pdb
f:\devrepo\innoaus\wpdpack-4.1.2\downloads\wpcapsrc_4_1_3\winpcap\wpcap\prj\debug\x86\vc120.idb
f:\devrepo\innoaus\wpdpack-4.1.2\downloads\wpcapsrc_4_1_3\winpcap\wpcap\prj\debug\x86\bpf_filter.obj
f:\devrepo\innoaus\wpdpack-4.1.2\downloads\wpcapsrc_4_1_3\winpcap\wpcap\prj\debug\x86\ffs.obj
f:\devrepo\innoaus\wpdpack-4.1.2\downloads\wpcapsrc_4_1_3\winpcap\wpcap\prj\debug\x86\getservent.obj
f:\devrepo\innoaus\wpdpack-4.1.2\downloads\wpcapsrc_4_1_3\winpcap\wpcap\prj\debug\x86\sockutils.obj
f:\devrepo\innoaus\wpdpack-4.1.2\downloads\wpcapsrc_4_1_3\winpcap\wpcap\prj\debug\x86\bpf_dump.obj
f:\devrepo\innoaus\wpdpack-4.1.2\downloads\wpcapsrc_4_1_3\winpcap\wpcap\prj\debug\x86\bpf_image.obj
f:\devrepo\innoaus\wpdpack-4.1.2\downloads\wpcapsrc_4_1_3\winpcap\wpcap\prj\debug\x86\etherent.obj
f:\devrepo\innoaus\wpdpack-4.1.2\downloads\wpcapsrc_4_1_3\winpcap\wpcap\prj\debug\x86\fad-win32.obj
f:\devrepo\innoaus\wpdpack-4.1.2\downloads\wpcapsrc_4_1_3\winpcap\wpcap\prj\debug\x86\gencode.obj
f:\devrepo\innoaus\wpdpack-4.1.2\downloads\wpcapsrc_4_1_3\winpcap\wpcap\prj\debug\x86\grammar.obj
f:\devrepo\innoaus\wpdpack-4.1.2\downloads\wpcapsrc_4_1_3\winpcap\wpcap\prj\debug\x86\inet.obj
f:\devrepo\innoaus\wpdpack-4.1.2\downloads\wpcapsrc_4_1_3\winpcap\wpcap\prj\debug\x86\nametoaddr.obj
f:\devrepo\innoaus\wpdpack-4.1.2\downloads\wpcapsrc_4_1_3\winpcap\wpcap\prj\debug\x86\optimize.obj
f:\devrepo\innoaus\wpdpack-4.1.2\downloads\wpcapsrc_4_1_3\winpcap\wpcap\prj\debug\x86\pcap-new.obj
f:\devrepo\innoaus\wpdpack-4.1.2\downloads\wpcapsrc_4_1_3\winpcap\wpcap\prj\debug\x86\pcap-remote.obj
f:\devrepo\innoaus\wpdpack-4.1.2\downloads\wpcapsrc_4_1_3\winpcap\wpcap\prj\debug\x86\pcap-tc.obj
f:\devrepo\innoaus\wpdpack-4.1.2\downloads\wpcapsrc_4_1_3\winpcap\wpcap\prj\debug\x86\pcap-win32.obj
f:\devrepo\innoaus\wpdpack-4.1.2\downloads\wpcapsrc_4_1_3\winpcap\wpcap\prj\debug\x86\pcap.obj
f:\devrepo\innoaus\wpdpack-4.1.2\downloads\wpcapsrc_4_1_3\winpcap\wpcap\prj\debug\x86\savefile.obj
f:\devrepo\innoaus\wpdpack-4.1.2\downloads\wpcapsrc_4_1_3\winpcap\wpcap\prj\debug\x86\scanner.obj
f:\devrepo\innoaus\wpdpack-4.1.2\downloads\wpcapsrc_4_1_3\winpcap\wpcap\prj\debug\x86\win32-extensions.obj
f:\devrepo\innoaus\wpdpack-4.1.2\downloads\wpcapsrc_4_1_3\winpcap\wpcap\prj\debug\x86\version.res
f:\devrepo\innoaus\wpdpack-4.1.2\downloads\wpcapsrc_4_1_3\winpcap\wpcap\prj\debug\x86\wpcap.tlog\cl.command.1.tlog
f:\devrepo\innoaus\wpdpack-4.1.2\downloads\wpcapsrc_4_1_3\winpcap\wpcap\prj\debug\x86\wpcap.tlog\cl.read.1.tlog
f:\devrepo\innoaus\wpdpack-4.1.2\downloads\wpcapsrc_4_1_3\winpcap\wpcap\prj\debug\x86\wpcap.tlog\cl.write.1.tlog
f:\devrepo\innoaus\wpdpack-4.1.2\downloads\wpcapsrc_4_1_3\winpcap\wpcap\prj\debug\x86\wpcap.tlog\link.command.1.tlog
f:\devrepo\innoaus\wpdpack-4.1.2\downloads\wpcapsrc_4_1_3\winpcap\wpcap\prj\debug\x86\wpcap.tlog\link.read.1.tlog
f:\devrepo\innoaus\wpdpack-4.1.2\downloads\wpcapsrc_4_1_3\winpcap\wpcap\prj\debug\x86\wpcap.tlog\link.write.1.tlog
f:\devrepo\innoaus\wpdpack-4.1.2\downloads\wpcapsrc_4_1_3\winpcap\wpcap\prj\debug\x86\wpcap.tlog\rc.command.1.tlog
f:\devrepo\innoaus\wpdpack-4.1.2\downloads\wpcapsrc_4_1_3\winpcap\wpcap\prj\debug\x86\wpcap.tlog\rc.read.1.tlog
f:\devrepo\innoaus\wpdpack-4.1.2\downloads\wpcapsrc_4_1_3\winpcap\wpcap\prj\debug\x86\wpcap.tlog\rc.write.1.tlog
